Created by PLY version 3.11 (http://www.dabeaz.com/ply)

Unused terminals:

    E
    ELSE
    EXP
    IF
    LBRACE
    LOG
    PI
    RBRACE
    THEN
    WHILE

Grammar

Rule 0     S' -> calc
Rule 1     calc -> expression
Rule 2     calc -> var_assign
Rule 3     calc -> empty
Rule 4     expression -> LBRACKET array_elements RBRACKET
Rule 5     array_elements -> expression COMMA array_elements
Rule 6     array_elements -> expression
Rule 7     var_assign -> NAME EQUALS expression
Rule 8     expression -> SIN LPAREN expression RPAREN
Rule 9     expression -> COS LPAREN expression RPAREN
Rule 10    expression -> TAN LPAREN expression RPAREN
Rule 11    expression -> SQRT LPAREN expression RPAREN
Rule 12    expression -> ARCSIN LPAREN expression RPAREN
Rule 13    expression -> ARCCOS LPAREN expression RPAREN
Rule 14    expression -> ARCTAN LPAREN expression RPAREN
Rule 15    expression -> ABS LPAREN expression RPAREN
Rule 16    expression -> FLOOR LPAREN expression RPAREN
Rule 17    expression -> ROUND LPAREN expression RPAREN
Rule 18    expression -> CEIL LPAREN expression RPAREN
Rule 19    expression -> expression MULTIPLY expression
Rule 20    expression -> expression DIVIDE expression
Rule 21    expression -> expression PLUS expression
Rule 22    expression -> expression MINUS expression
Rule 23    expression -> expression POWER expression
Rule 24    expression -> INT
Rule 25    expression -> FLOAT
Rule 26    expression -> NAME
Rule 27    empty -> <empty>

Terminals, with rules where they appear

ABS                  : 15
ARCCOS               : 13
ARCSIN               : 12
ARCTAN               : 14
CEIL                 : 18
COMMA                : 5
COS                  : 9
DIVIDE               : 20
E                    : 
ELSE                 : 
EQUALS               : 7
EXP                  : 
FLOAT                : 25
FLOOR                : 16
IF                   : 
INT                  : 24
LBRACE               : 
LBRACKET             : 4
LOG                  : 
LPAREN               : 8 9 10 11 12 13 14 15 16 17 18
MINUS                : 22
MULTIPLY             : 19
NAME                 : 7 26
PI                   : 
PLUS                 : 21
POWER                : 23
RBRACE               : 
RBRACKET             : 4
ROUND                : 17
RPAREN               : 8 9 10 11 12 13 14 15 16 17 18
SIN                  : 8
SQRT                 : 11
TAN                  : 10
THEN                 : 
WHILE                : 
error                : 

Nonterminals, with rules where they appear

array_elements       : 4 5
calc                 : 0
empty                : 3
expression           : 1 5 6 7 8 9 10 11 12 13 14 15 16 17 18 19 19 20 20 21 21 22 22 23 23
var_assign           : 2

Parsing method: LALR

state 0

    (0) S' -> . calc
    (1) calc -> . expression
    (2) calc -> . var_assign
    (3) calc -> . empty
    (4) expression -> . LBRACKET array_elements RBRACKET
    (8) expression -> . SIN LPAREN expression RPAREN
    (9) expression -> . COS LPAREN expression RPAREN
    (10) expression -> . TAN LPAREN expression RPAREN
    (11) expression -> . SQRT LPAREN expression RPAREN
    (12) expression -> . ARCSIN LPAREN expression RPAREN
    (13) expression -> . ARCCOS LPAREN expression RPAREN
    (14) expression -> . ARCTAN LPAREN expression RPAREN
    (15) expression -> . ABS LPAREN expression RPAREN
    (16) expression -> . FLOOR LPAREN expression RPAREN
    (17) expression -> . ROUND LPAREN expression RPAREN
    (18) expression -> . CEIL LPAREN expression RPAREN
    (19) expression -> . expression MULTIPLY expression
    (20) expression -> . expression DIVIDE expression
    (21) expression -> . expression PLUS expression
    (22) expression -> . expression MINUS expression
    (23) expression -> . expression POWER expression
    (24) expression -> . INT
    (25) expression -> . FLOAT
    (26) expression -> . NAME
    (7) var_assign -> . NAME EQUALS expression
    (27) empty -> .

    LBRACKET        shift and go to state 5
    SIN             shift and go to state 6
    COS             shift and go to state 7
    TAN             shift and go to state 8
    SQRT            shift and go to state 9
    ARCSIN          shift and go to state 10
    ARCCOS          shift and go to state 11
    ARCTAN          shift and go to state 12
    ABS             shift and go to state 13
    FLOOR           shift and go to state 14
    ROUND           shift and go to state 15
    CEIL            shift and go to state 16
    INT             shift and go to state 17
    FLOAT           shift and go to state 18
    NAME            shift and go to state 19
    $end            reduce using rule 27 (empty -> .)

    calc                           shift and go to state 1
    expression                     shift and go to state 2
    var_assign                     shift and go to state 3
    empty                          shift and go to state 4

state 1

    (0) S' -> calc .



state 2

    (1) calc -> expression .
    (19) expression -> expression . MULTIPLY expression
    (20) expression -> expression . DIVIDE expression
    (21) expression -> expression . PLUS expression
    (22) expression -> expression . MINUS expression
    (23) expression -> expression . POWER expression

    $end            reduce using rule 1 (calc -> expression .)
    MULTIPLY        shift and go to state 20
    DIVIDE          shift and go to state 21
    PLUS            shift and go to state 22
    MINUS           shift and go to state 23
    POWER           shift and go to state 24


state 3

    (2) calc -> var_assign .

    $end            reduce using rule 2 (calc -> var_assign .)


state 4

    (3) calc -> empty .

    $end            reduce using rule 3 (calc -> empty .)


state 5

    (4) expression -> LBRACKET . array_elements RBRACKET
    (5) array_elements -> . expression COMMA array_elements
    (6) array_elements -> . expression
    (4) expression -> . LBRACKET array_elements RBRACKET
    (8) expression -> . SIN LPAREN expression RPAREN
    (9) expression -> . COS LPAREN expression RPAREN
    (10) expression -> . TAN LPAREN expression RPAREN
    (11) expression -> . SQRT LPAREN expression RPAREN
    (12) expression -> . ARCSIN LPAREN expression RPAREN
    (13) expression -> . ARCCOS LPAREN expression RPAREN
    (14) expression -> . ARCTAN LPAREN expression RPAREN
    (15) expression -> . ABS LPAREN expression RPAREN
    (16) expression -> . FLOOR LPAREN expression RPAREN
    (17) expression -> . ROUND LPAREN expression RPAREN
    (18) expression -> . CEIL LPAREN expression RPAREN
    (19) expression -> . expression MULTIPLY expression
    (20) expression -> . expression DIVIDE expression
    (21) expression -> . expression PLUS expression
    (22) expression -> . expression MINUS expression
    (23) expression -> . expression POWER expression
    (24) expression -> . INT
    (25) expression -> . FLOAT
    (26) expression -> . NAME

    LBRACKET        shift and go to state 5
    SIN             shift and go to state 6
    COS             shift and go to state 7
    TAN             shift and go to state 8
    SQRT            shift and go to state 9
    ARCSIN          shift and go to state 10
    ARCCOS          shift and go to state 11
    ARCTAN          shift and go to state 12
    ABS             shift and go to state 13
    FLOOR           shift and go to state 14
    ROUND           shift and go to state 15
    CEIL            shift and go to state 16
    INT             shift and go to state 17
    FLOAT           shift and go to state 18
    NAME            shift and go to state 27

    array_elements                 shift and go to state 25
    expression                     shift and go to state 26

state 6

    (8) expression -> SIN . LPAREN expression RPAREN

    LPAREN          shift and go to state 28


state 7

    (9) expression -> COS . LPAREN expression RPAREN

    LPAREN          shift and go to state 29


state 8

    (10) expression -> TAN . LPAREN expression RPAREN

    LPAREN          shift and go to state 30


state 9

    (11) expression -> SQRT . LPAREN expression RPAREN

    LPAREN          shift and go to state 31


state 10

    (12) expression -> ARCSIN . LPAREN expression RPAREN

    LPAREN          shift and go to state 32


state 11

    (13) expression -> ARCCOS . LPAREN expression RPAREN

    LPAREN          shift and go to state 33


state 12

    (14) expression -> ARCTAN . LPAREN expression RPAREN

    LPAREN          shift and go to state 34


state 13

    (15) expression -> ABS . LPAREN expression RPAREN

    LPAREN          shift and go to state 35


state 14

    (16) expression -> FLOOR . LPAREN expression RPAREN

    LPAREN          shift and go to state 36


state 15

    (17) expression -> ROUND . LPAREN expression RPAREN

    LPAREN          shift and go to state 37


state 16

    (18) expression -> CEIL . LPAREN expression RPAREN

    LPAREN          shift and go to state 38


state 17

    (24) expression -> INT .

    MULTIPLY        reduce using rule 24 (expression -> INT .)
    DIVIDE          reduce using rule 24 (expression -> INT .)
    PLUS            reduce using rule 24 (expression -> INT .)
    MINUS           reduce using rule 24 (expression -> INT .)
    POWER           reduce using rule 24 (expression -> INT .)
    $end            reduce using rule 24 (expression -> INT .)
    COMMA           reduce using rule 24 (expression -> INT .)
    RBRACKET        reduce using rule 24 (expression -> INT .)
    RPAREN          reduce using rule 24 (expression -> INT .)


state 18

    (25) expression -> FLOAT .

    MULTIPLY        reduce using rule 25 (expression -> FLOAT .)
    DIVIDE          reduce using rule 25 (expression -> FLOAT .)
    PLUS            reduce using rule 25 (expression -> FLOAT .)
    MINUS           reduce using rule 25 (expression -> FLOAT .)
    POWER           reduce using rule 25 (expression -> FLOAT .)
    $end            reduce using rule 25 (expression -> FLOAT .)
    COMMA           reduce using rule 25 (expression -> FLOAT .)
    RBRACKET        reduce using rule 25 (expression -> FLOAT .)
    RPAREN          reduce using rule 25 (expression -> FLOAT .)


state 19

    (26) expression -> NAME .
    (7) var_assign -> NAME . EQUALS expression

    MULTIPLY        reduce using rule 26 (expression -> NAME .)
    DIVIDE          reduce using rule 26 (expression -> NAME .)
    PLUS            reduce using rule 26 (expression -> NAME .)
    MINUS           reduce using rule 26 (expression -> NAME .)
    POWER           reduce using rule 26 (expression -> NAME .)
    $end            reduce using rule 26 (expression -> NAME .)
    EQUALS          shift and go to state 39


state 20

    (19) expression -> expression MULTIPLY . expression
    (4) expression -> . LBRACKET array_elements RBRACKET
    (8) expression -> . SIN LPAREN expression RPAREN
    (9) expression -> . COS LPAREN expression RPAREN
    (10) expression -> . TAN LPAREN expression RPAREN
    (11) expression -> . SQRT LPAREN expression RPAREN
    (12) expression -> . ARCSIN LPAREN expression RPAREN
    (13) expression -> . ARCCOS LPAREN expression RPAREN
    (14) expression -> . ARCTAN LPAREN expression RPAREN
    (15) expression -> . ABS LPAREN expression RPAREN
    (16) expression -> . FLOOR LPAREN expression RPAREN
    (17) expression -> . ROUND LPAREN expression RPAREN
    (18) expression -> . CEIL LPAREN expression RPAREN
    (19) expression -> . expression MULTIPLY expression
    (20) expression -> . expression DIVIDE expression
    (21) expression -> . expression PLUS expression
    (22) expression -> . expression MINUS expression
    (23) expression -> . expression POWER expression
    (24) expression -> . INT
    (25) expression -> . FLOAT
    (26) expression -> . NAME

    LBRACKET        shift and go to state 5
    SIN             shift and go to state 6
    COS             shift and go to state 7
    TAN             shift and go to state 8
    SQRT            shift and go to state 9
    ARCSIN          shift and go to state 10
    ARCCOS          shift and go to state 11
    ARCTAN          shift and go to state 12
    ABS             shift and go to state 13
    FLOOR           shift and go to state 14
    ROUND           shift and go to state 15
    CEIL            shift and go to state 16
    INT             shift and go to state 17
    FLOAT           shift and go to state 18
    NAME            shift and go to state 27

    expression                     shift and go to state 40

state 21

    (20) expression -> expression DIVIDE . expression
    (4) expression -> . LBRACKET array_elements RBRACKET
    (8) expression -> . SIN LPAREN expression RPAREN
    (9) expression -> . COS LPAREN expression RPAREN
    (10) expression -> . TAN LPAREN expression RPAREN
    (11) expression -> . SQRT LPAREN expression RPAREN
    (12) expression -> . ARCSIN LPAREN expression RPAREN
    (13) expression -> . ARCCOS LPAREN expression RPAREN
    (14) expression -> . ARCTAN LPAREN expression RPAREN
    (15) expression -> . ABS LPAREN expression RPAREN
    (16) expression -> . FLOOR LPAREN expression RPAREN
    (17) expression -> . ROUND LPAREN expression RPAREN
    (18) expression -> . CEIL LPAREN expression RPAREN
    (19) expression -> . expression MULTIPLY expression
    (20) expression -> . expression DIVIDE expression
    (21) expression -> . expression PLUS expression
    (22) expression -> . expression MINUS expression
    (23) expression -> . expression POWER expression
    (24) expression -> . INT
    (25) expression -> . FLOAT
    (26) expression -> . NAME

    LBRACKET        shift and go to state 5
    SIN             shift and go to state 6
    COS             shift and go to state 7
    TAN             shift and go to state 8
    SQRT            shift and go to state 9
    ARCSIN          shift and go to state 10
    ARCCOS          shift and go to state 11
    ARCTAN          shift and go to state 12
    ABS             shift and go to state 13
    FLOOR           shift and go to state 14
    ROUND           shift and go to state 15
    CEIL            shift and go to state 16
    INT             shift and go to state 17
    FLOAT           shift and go to state 18
    NAME            shift and go to state 27

    expression                     shift and go to state 41

state 22

    (21) expression -> expression PLUS . expression
    (4) expression -> . LBRACKET array_elements RBRACKET
    (8) expression -> . SIN LPAREN expression RPAREN
    (9) expression -> . COS LPAREN expression RPAREN
    (10) expression -> . TAN LPAREN expression RPAREN
    (11) expression -> . SQRT LPAREN expression RPAREN
    (12) expression -> . ARCSIN LPAREN expression RPAREN
    (13) expression -> . ARCCOS LPAREN expression RPAREN
    (14) expression -> . ARCTAN LPAREN expression RPAREN
    (15) expression -> . ABS LPAREN expression RPAREN
    (16) expression -> . FLOOR LPAREN expression RPAREN
    (17) expression -> . ROUND LPAREN expression RPAREN
    (18) expression -> . CEIL LPAREN expression RPAREN
    (19) expression -> . expression MULTIPLY expression
    (20) expression -> . expression DIVIDE expression
    (21) expression -> . expression PLUS expression
    (22) expression -> . expression MINUS expression
    (23) expression -> . expression POWER expression
    (24) expression -> . INT
    (25) expression -> . FLOAT
    (26) expression -> . NAME

    LBRACKET        shift and go to state 5
    SIN             shift and go to state 6
    COS             shift and go to state 7
    TAN             shift and go to state 8
    SQRT            shift and go to state 9
    ARCSIN          shift and go to state 10
    ARCCOS          shift and go to state 11
    ARCTAN          shift and go to state 12
    ABS             shift and go to state 13
    FLOOR           shift and go to state 14
    ROUND           shift and go to state 15
    CEIL            shift and go to state 16
    INT             shift and go to state 17
    FLOAT           shift and go to state 18
    NAME            shift and go to state 27

    expression                     shift and go to state 42

state 23

    (22) expression -> expression MINUS . expression
    (4) expression -> . LBRACKET array_elements RBRACKET
    (8) expression -> . SIN LPAREN expression RPAREN
    (9) expression -> . COS LPAREN expression RPAREN
    (10) expression -> . TAN LPAREN expression RPAREN
    (11) expression -> . SQRT LPAREN expression RPAREN
    (12) expression -> . ARCSIN LPAREN expression RPAREN
    (13) expression -> . ARCCOS LPAREN expression RPAREN
    (14) expression -> . ARCTAN LPAREN expression RPAREN
    (15) expression -> . ABS LPAREN expression RPAREN
    (16) expression -> . FLOOR LPAREN expression RPAREN
    (17) expression -> . ROUND LPAREN expression RPAREN
    (18) expression -> . CEIL LPAREN expression RPAREN
    (19) expression -> . expression MULTIPLY expression
    (20) expression -> . expression DIVIDE expression
    (21) expression -> . expression PLUS expression
    (22) expression -> . expression MINUS expression
    (23) expression -> . expression POWER expression
    (24) expression -> . INT
    (25) expression -> . FLOAT
    (26) expression -> . NAME

    LBRACKET        shift and go to state 5
    SIN             shift and go to state 6
    COS             shift and go to state 7
    TAN             shift and go to state 8
    SQRT            shift and go to state 9
    ARCSIN          shift and go to state 10
    ARCCOS          shift and go to state 11
    ARCTAN          shift and go to state 12
    ABS             shift and go to state 13
    FLOOR           shift and go to state 14
    ROUND           shift and go to state 15
    CEIL            shift and go to state 16
    INT             shift and go to state 17
    FLOAT           shift and go to state 18
    NAME            shift and go to state 27

    expression                     shift and go to state 43

state 24

    (23) expression -> expression POWER . expression
    (4) expression -> . LBRACKET array_elements RBRACKET
    (8) expression -> . SIN LPAREN expression RPAREN
    (9) expression -> . COS LPAREN expression RPAREN
    (10) expression -> . TAN LPAREN expression RPAREN
    (11) expression -> . SQRT LPAREN expression RPAREN
    (12) expression -> . ARCSIN LPAREN expression RPAREN
    (13) expression -> . ARCCOS LPAREN expression RPAREN
    (14) expression -> . ARCTAN LPAREN expression RPAREN
    (15) expression -> . ABS LPAREN expression RPAREN
    (16) expression -> . FLOOR LPAREN expression RPAREN
    (17) expression -> . ROUND LPAREN expression RPAREN
    (18) expression -> . CEIL LPAREN expression RPAREN
    (19) expression -> . expression MULTIPLY expression
    (20) expression -> . expression DIVIDE expression
    (21) expression -> . expression PLUS expression
    (22) expression -> . expression MINUS expression
    (23) expression -> . expression POWER expression
    (24) expression -> . INT
    (25) expression -> . FLOAT
    (26) expression -> . NAME

    LBRACKET        shift and go to state 5
    SIN             shift and go to state 6
    COS             shift and go to state 7
    TAN             shift and go to state 8
    SQRT            shift and go to state 9
    ARCSIN          shift and go to state 10
    ARCCOS          shift and go to state 11
    ARCTAN          shift and go to state 12
    ABS             shift and go to state 13
    FLOOR           shift and go to state 14
    ROUND           shift and go to state 15
    CEIL            shift and go to state 16
    INT             shift and go to state 17
    FLOAT           shift and go to state 18
    NAME            shift and go to state 27

    expression                     shift and go to state 44

state 25

    (4) expression -> LBRACKET array_elements . RBRACKET

    RBRACKET        shift and go to state 45


state 26

    (5) array_elements -> expression . COMMA array_elements
    (6) array_elements -> expression .
    (19) expression -> expression . MULTIPLY expression
    (20) expression -> expression . DIVIDE expression
    (21) expression -> expression . PLUS expression
    (22) expression -> expression . MINUS expression
    (23) expression -> expression . POWER expression

    COMMA           shift and go to state 46
    RBRACKET        reduce using rule 6 (array_elements -> expression .)
    MULTIPLY        shift and go to state 20
    DIVIDE          shift and go to state 21
    PLUS            shift and go to state 22
    MINUS           shift and go to state 23
    POWER           shift and go to state 24


state 27

    (26) expression -> NAME .

    COMMA           reduce using rule 26 (expression -> NAME .)
    MULTIPLY        reduce using rule 26 (expression -> NAME .)
    DIVIDE          reduce using rule 26 (expression -> NAME .)
    PLUS            reduce using rule 26 (expression -> NAME .)
    MINUS           reduce using rule 26 (expression -> NAME .)
    POWER           reduce using rule 26 (expression -> NAME .)
    RBRACKET        reduce using rule 26 (expression -> NAME .)
    $end            reduce using rule 26 (expression -> NAME .)
    RPAREN          reduce using rule 26 (expression -> NAME .)


state 28

    (8) expression -> SIN LPAREN . expression RPAREN
    (4) expression -> . LBRACKET array_elements RBRACKET
    (8) expression -> . SIN LPAREN expression RPAREN
    (9) expression -> . COS LPAREN expression RPAREN
    (10) expression -> . TAN LPAREN expression RPAREN
    (11) expression -> . SQRT LPAREN expression RPAREN
    (12) expression -> . ARCSIN LPAREN expression RPAREN
    (13) expression -> . ARCCOS LPAREN expression RPAREN
    (14) expression -> . ARCTAN LPAREN expression RPAREN
    (15) expression -> . ABS LPAREN expression RPAREN
    (16) expression -> . FLOOR LPAREN expression RPAREN
    (17) expression -> . ROUND LPAREN expression RPAREN
    (18) expression -> . CEIL LPAREN expression RPAREN
    (19) expression -> . expression MULTIPLY expression
    (20) expression -> . expression DIVIDE expression
    (21) expression -> . expression PLUS expression
    (22) expression -> . expression MINUS expression
    (23) expression -> . expression POWER expression
    (24) expression -> . INT
    (25) expression -> . FLOAT
    (26) expression -> . NAME

    LBRACKET        shift and go to state 5
    SIN             shift and go to state 6
    COS             shift and go to state 7
    TAN             shift and go to state 8
    SQRT            shift and go to state 9
    ARCSIN          shift and go to state 10
    ARCCOS          shift and go to state 11
    ARCTAN          shift and go to state 12
    ABS             shift and go to state 13
    FLOOR           shift and go to state 14
    ROUND           shift and go to state 15
    CEIL            shift and go to state 16
    INT             shift and go to state 17
    FLOAT           shift and go to state 18
    NAME            shift and go to state 27

    expression                     shift and go to state 47

state 29

    (9) expression -> COS LPAREN . expression RPAREN
    (4) expression -> . LBRACKET array_elements RBRACKET
    (8) expression -> . SIN LPAREN expression RPAREN
    (9) expression -> . COS LPAREN expression RPAREN
    (10) expression -> . TAN LPAREN expression RPAREN
    (11) expression -> . SQRT LPAREN expression RPAREN
    (12) expression -> . ARCSIN LPAREN expression RPAREN
    (13) expression -> . ARCCOS LPAREN expression RPAREN
    (14) expression -> . ARCTAN LPAREN expression RPAREN
    (15) expression -> . ABS LPAREN expression RPAREN
    (16) expression -> . FLOOR LPAREN expression RPAREN
    (17) expression -> . ROUND LPAREN expression RPAREN
    (18) expression -> . CEIL LPAREN expression RPAREN
    (19) expression -> . expression MULTIPLY expression
    (20) expression -> . expression DIVIDE expression
    (21) expression -> . expression PLUS expression
    (22) expression -> . expression MINUS expression
    (23) expression -> . expression POWER expression
    (24) expression -> . INT
    (25) expression -> . FLOAT
    (26) expression -> . NAME

    LBRACKET        shift and go to state 5
    SIN             shift and go to state 6
    COS             shift and go to state 7
    TAN             shift and go to state 8
    SQRT            shift and go to state 9
    ARCSIN          shift and go to state 10
    ARCCOS          shift and go to state 11
    ARCTAN          shift and go to state 12
    ABS             shift and go to state 13
    FLOOR           shift and go to state 14
    ROUND           shift and go to state 15
    CEIL            shift and go to state 16
    INT             shift and go to state 17
    FLOAT           shift and go to state 18
    NAME            shift and go to state 27

    expression                     shift and go to state 48

state 30

    (10) expression -> TAN LPAREN . expression RPAREN
    (4) expression -> . LBRACKET array_elements RBRACKET
    (8) expression -> . SIN LPAREN expression RPAREN
    (9) expression -> . COS LPAREN expression RPAREN
    (10) expression -> . TAN LPAREN expression RPAREN
    (11) expression -> . SQRT LPAREN expression RPAREN
    (12) expression -> . ARCSIN LPAREN expression RPAREN
    (13) expression -> . ARCCOS LPAREN expression RPAREN
    (14) expression -> . ARCTAN LPAREN expression RPAREN
    (15) expression -> . ABS LPAREN expression RPAREN
    (16) expression -> . FLOOR LPAREN expression RPAREN
    (17) expression -> . ROUND LPAREN expression RPAREN
    (18) expression -> . CEIL LPAREN expression RPAREN
    (19) expression -> . expression MULTIPLY expression
    (20) expression -> . expression DIVIDE expression
    (21) expression -> . expression PLUS expression
    (22) expression -> . expression MINUS expression
    (23) expression -> . expression POWER expression
    (24) expression -> . INT
    (25) expression -> . FLOAT
    (26) expression -> . NAME

    LBRACKET        shift and go to state 5
    SIN             shift and go to state 6
    COS             shift and go to state 7
    TAN             shift and go to state 8
    SQRT            shift and go to state 9
    ARCSIN          shift and go to state 10
    ARCCOS          shift and go to state 11
    ARCTAN          shift and go to state 12
    ABS             shift and go to state 13
    FLOOR           shift and go to state 14
    ROUND           shift and go to state 15
    CEIL            shift and go to state 16
    INT             shift and go to state 17
    FLOAT           shift and go to state 18
    NAME            shift and go to state 27

    expression                     shift and go to state 49

state 31

    (11) expression -> SQRT LPAREN . expression RPAREN
    (4) expression -> . LBRACKET array_elements RBRACKET
    (8) expression -> . SIN LPAREN expression RPAREN
    (9) expression -> . COS LPAREN expression RPAREN
    (10) expression -> . TAN LPAREN expression RPAREN
    (11) expression -> . SQRT LPAREN expression RPAREN
    (12) expression -> . ARCSIN LPAREN expression RPAREN
    (13) expression -> . ARCCOS LPAREN expression RPAREN
    (14) expression -> . ARCTAN LPAREN expression RPAREN
    (15) expression -> . ABS LPAREN expression RPAREN
    (16) expression -> . FLOOR LPAREN expression RPAREN
    (17) expression -> . ROUND LPAREN expression RPAREN
    (18) expression -> . CEIL LPAREN expression RPAREN
    (19) expression -> . expression MULTIPLY expression
    (20) expression -> . expression DIVIDE expression
    (21) expression -> . expression PLUS expression
    (22) expression -> . expression MINUS expression
    (23) expression -> . expression POWER expression
    (24) expression -> . INT
    (25) expression -> . FLOAT
    (26) expression -> . NAME

    LBRACKET        shift and go to state 5
    SIN             shift and go to state 6
    COS             shift and go to state 7
    TAN             shift and go to state 8
    SQRT            shift and go to state 9
    ARCSIN          shift and go to state 10
    ARCCOS          shift and go to state 11
    ARCTAN          shift and go to state 12
    ABS             shift and go to state 13
    FLOOR           shift and go to state 14
    ROUND           shift and go to state 15
    CEIL            shift and go to state 16
    INT             shift and go to state 17
    FLOAT           shift and go to state 18
    NAME            shift and go to state 27

    expression                     shift and go to state 50

state 32

    (12) expression -> ARCSIN LPAREN . expression RPAREN
    (4) expression -> . LBRACKET array_elements RBRACKET
    (8) expression -> . SIN LPAREN expression RPAREN
    (9) expression -> . COS LPAREN expression RPAREN
    (10) expression -> . TAN LPAREN expression RPAREN
    (11) expression -> . SQRT LPAREN expression RPAREN
    (12) expression -> . ARCSIN LPAREN expression RPAREN
    (13) expression -> . ARCCOS LPAREN expression RPAREN
    (14) expression -> . ARCTAN LPAREN expression RPAREN
    (15) expression -> . ABS LPAREN expression RPAREN
    (16) expression -> . FLOOR LPAREN expression RPAREN
    (17) expression -> . ROUND LPAREN expression RPAREN
    (18) expression -> . CEIL LPAREN expression RPAREN
    (19) expression -> . expression MULTIPLY expression
    (20) expression -> . expression DIVIDE expression
    (21) expression -> . expression PLUS expression
    (22) expression -> . expression MINUS expression
    (23) expression -> . expression POWER expression
    (24) expression -> . INT
    (25) expression -> . FLOAT
    (26) expression -> . NAME

    LBRACKET        shift and go to state 5
    SIN             shift and go to state 6
    COS             shift and go to state 7
    TAN             shift and go to state 8
    SQRT            shift and go to state 9
    ARCSIN          shift and go to state 10
    ARCCOS          shift and go to state 11
    ARCTAN          shift and go to state 12
    ABS             shift and go to state 13
    FLOOR           shift and go to state 14
    ROUND           shift and go to state 15
    CEIL            shift and go to state 16
    INT             shift and go to state 17
    FLOAT           shift and go to state 18
    NAME            shift and go to state 27

    expression                     shift and go to state 51

state 33

    (13) expression -> ARCCOS LPAREN . expression RPAREN
    (4) expression -> . LBRACKET array_elements RBRACKET
    (8) expression -> . SIN LPAREN expression RPAREN
    (9) expression -> . COS LPAREN expression RPAREN
    (10) expression -> . TAN LPAREN expression RPAREN
    (11) expression -> . SQRT LPAREN expression RPAREN
    (12) expression -> . ARCSIN LPAREN expression RPAREN
    (13) expression -> . ARCCOS LPAREN expression RPAREN
    (14) expression -> . ARCTAN LPAREN expression RPAREN
    (15) expression -> . ABS LPAREN expression RPAREN
    (16) expression -> . FLOOR LPAREN expression RPAREN
    (17) expression -> . ROUND LPAREN expression RPAREN
    (18) expression -> . CEIL LPAREN expression RPAREN
    (19) expression -> . expression MULTIPLY expression
    (20) expression -> . expression DIVIDE expression
    (21) expression -> . expression PLUS expression
    (22) expression -> . expression MINUS expression
    (23) expression -> . expression POWER expression
    (24) expression -> . INT
    (25) expression -> . FLOAT
    (26) expression -> . NAME

    LBRACKET        shift and go to state 5
    SIN             shift and go to state 6
    COS             shift and go to state 7
    TAN             shift and go to state 8
    SQRT            shift and go to state 9
    ARCSIN          shift and go to state 10
    ARCCOS          shift and go to state 11
    ARCTAN          shift and go to state 12
    ABS             shift and go to state 13
    FLOOR           shift and go to state 14
    ROUND           shift and go to state 15
    CEIL            shift and go to state 16
    INT             shift and go to state 17
    FLOAT           shift and go to state 18
    NAME            shift and go to state 27

    expression                     shift and go to state 52

state 34

    (14) expression -> ARCTAN LPAREN . expression RPAREN
    (4) expression -> . LBRACKET array_elements RBRACKET
    (8) expression -> . SIN LPAREN expression RPAREN
    (9) expression -> . COS LPAREN expression RPAREN
    (10) expression -> . TAN LPAREN expression RPAREN
    (11) expression -> . SQRT LPAREN expression RPAREN
    (12) expression -> . ARCSIN LPAREN expression RPAREN
    (13) expression -> . ARCCOS LPAREN expression RPAREN
    (14) expression -> . ARCTAN LPAREN expression RPAREN
    (15) expression -> . ABS LPAREN expression RPAREN
    (16) expression -> . FLOOR LPAREN expression RPAREN
    (17) expression -> . ROUND LPAREN expression RPAREN
    (18) expression -> . CEIL LPAREN expression RPAREN
    (19) expression -> . expression MULTIPLY expression
    (20) expression -> . expression DIVIDE expression
    (21) expression -> . expression PLUS expression
    (22) expression -> . expression MINUS expression
    (23) expression -> . expression POWER expression
    (24) expression -> . INT
    (25) expression -> . FLOAT
    (26) expression -> . NAME

    LBRACKET        shift and go to state 5
    SIN             shift and go to state 6
    COS             shift and go to state 7
    TAN             shift and go to state 8
    SQRT            shift and go to state 9
    ARCSIN          shift and go to state 10
    ARCCOS          shift and go to state 11
    ARCTAN          shift and go to state 12
    ABS             shift and go to state 13
    FLOOR           shift and go to state 14
    ROUND           shift and go to state 15
    CEIL            shift and go to state 16
    INT             shift and go to state 17
    FLOAT           shift and go to state 18
    NAME            shift and go to state 27

    expression                     shift and go to state 53

state 35

    (15) expression -> ABS LPAREN . expression RPAREN
    (4) expression -> . LBRACKET array_elements RBRACKET
    (8) expression -> . SIN LPAREN expression RPAREN
    (9) expression -> . COS LPAREN expression RPAREN
    (10) expression -> . TAN LPAREN expression RPAREN
    (11) expression -> . SQRT LPAREN expression RPAREN
    (12) expression -> . ARCSIN LPAREN expression RPAREN
    (13) expression -> . ARCCOS LPAREN expression RPAREN
    (14) expression -> . ARCTAN LPAREN expression RPAREN
    (15) expression -> . ABS LPAREN expression RPAREN
    (16) expression -> . FLOOR LPAREN expression RPAREN
    (17) expression -> . ROUND LPAREN expression RPAREN
    (18) expression -> . CEIL LPAREN expression RPAREN
    (19) expression -> . expression MULTIPLY expression
    (20) expression -> . expression DIVIDE expression
    (21) expression -> . expression PLUS expression
    (22) expression -> . expression MINUS expression
    (23) expression -> . expression POWER expression
    (24) expression -> . INT
    (25) expression -> . FLOAT
    (26) expression -> . NAME

    LBRACKET        shift and go to state 5
    SIN             shift and go to state 6
    COS             shift and go to state 7
    TAN             shift and go to state 8
    SQRT            shift and go to state 9
    ARCSIN          shift and go to state 10
    ARCCOS          shift and go to state 11
    ARCTAN          shift and go to state 12
    ABS             shift and go to state 13
    FLOOR           shift and go to state 14
    ROUND           shift and go to state 15
    CEIL            shift and go to state 16
    INT             shift and go to state 17
    FLOAT           shift and go to state 18
    NAME            shift and go to state 27

    expression                     shift and go to state 54

state 36

    (16) expression -> FLOOR LPAREN . expression RPAREN
    (4) expression -> . LBRACKET array_elements RBRACKET
    (8) expression -> . SIN LPAREN expression RPAREN
    (9) expression -> . COS LPAREN expression RPAREN
    (10) expression -> . TAN LPAREN expression RPAREN
    (11) expression -> . SQRT LPAREN expression RPAREN
    (12) expression -> . ARCSIN LPAREN expression RPAREN
    (13) expression -> . ARCCOS LPAREN expression RPAREN
    (14) expression -> . ARCTAN LPAREN expression RPAREN
    (15) expression -> . ABS LPAREN expression RPAREN
    (16) expression -> . FLOOR LPAREN expression RPAREN
    (17) expression -> . ROUND LPAREN expression RPAREN
    (18) expression -> . CEIL LPAREN expression RPAREN
    (19) expression -> . expression MULTIPLY expression
    (20) expression -> . expression DIVIDE expression
    (21) expression -> . expression PLUS expression
    (22) expression -> . expression MINUS expression
    (23) expression -> . expression POWER expression
    (24) expression -> . INT
    (25) expression -> . FLOAT
    (26) expression -> . NAME

    LBRACKET        shift and go to state 5
    SIN             shift and go to state 6
    COS             shift and go to state 7
    TAN             shift and go to state 8
    SQRT            shift and go to state 9
    ARCSIN          shift and go to state 10
    ARCCOS          shift and go to state 11
    ARCTAN          shift and go to state 12
    ABS             shift and go to state 13
    FLOOR           shift and go to state 14
    ROUND           shift and go to state 15
    CEIL            shift and go to state 16
    INT             shift and go to state 17
    FLOAT           shift and go to state 18
    NAME            shift and go to state 27

    expression                     shift and go to state 55

state 37

    (17) expression -> ROUND LPAREN . expression RPAREN
    (4) expression -> . LBRACKET array_elements RBRACKET
    (8) expression -> . SIN LPAREN expression RPAREN
    (9) expression -> . COS LPAREN expression RPAREN
    (10) expression -> . TAN LPAREN expression RPAREN
    (11) expression -> . SQRT LPAREN expression RPAREN
    (12) expression -> . ARCSIN LPAREN expression RPAREN
    (13) expression -> . ARCCOS LPAREN expression RPAREN
    (14) expression -> . ARCTAN LPAREN expression RPAREN
    (15) expression -> . ABS LPAREN expression RPAREN
    (16) expression -> . FLOOR LPAREN expression RPAREN
    (17) expression -> . ROUND LPAREN expression RPAREN
    (18) expression -> . CEIL LPAREN expression RPAREN
    (19) expression -> . expression MULTIPLY expression
    (20) expression -> . expression DIVIDE expression
    (21) expression -> . expression PLUS expression
    (22) expression -> . expression MINUS expression
    (23) expression -> . expression POWER expression
    (24) expression -> . INT
    (25) expression -> . FLOAT
    (26) expression -> . NAME

    LBRACKET        shift and go to state 5
    SIN             shift and go to state 6
    COS             shift and go to state 7
    TAN             shift and go to state 8
    SQRT            shift and go to state 9
    ARCSIN          shift and go to state 10
    ARCCOS          shift and go to state 11
    ARCTAN          shift and go to state 12
    ABS             shift and go to state 13
    FLOOR           shift and go to state 14
    ROUND           shift and go to state 15
    CEIL            shift and go to state 16
    INT             shift and go to state 17
    FLOAT           shift and go to state 18
    NAME            shift and go to state 27

    expression                     shift and go to state 56

state 38

    (18) expression -> CEIL LPAREN . expression RPAREN
    (4) expression -> . LBRACKET array_elements RBRACKET
    (8) expression -> . SIN LPAREN expression RPAREN
    (9) expression -> . COS LPAREN expression RPAREN
    (10) expression -> . TAN LPAREN expression RPAREN
    (11) expression -> . SQRT LPAREN expression RPAREN
    (12) expression -> . ARCSIN LPAREN expression RPAREN
    (13) expression -> . ARCCOS LPAREN expression RPAREN
    (14) expression -> . ARCTAN LPAREN expression RPAREN
    (15) expression -> . ABS LPAREN expression RPAREN
    (16) expression -> . FLOOR LPAREN expression RPAREN
    (17) expression -> . ROUND LPAREN expression RPAREN
    (18) expression -> . CEIL LPAREN expression RPAREN
    (19) expression -> . expression MULTIPLY expression
    (20) expression -> . expression DIVIDE expression
    (21) expression -> . expression PLUS expression
    (22) expression -> . expression MINUS expression
    (23) expression -> . expression POWER expression
    (24) expression -> . INT
    (25) expression -> . FLOAT
    (26) expression -> . NAME

    LBRACKET        shift and go to state 5
    SIN             shift and go to state 6
    COS             shift and go to state 7
    TAN             shift and go to state 8
    SQRT            shift and go to state 9
    ARCSIN          shift and go to state 10
    ARCCOS          shift and go to state 11
    ARCTAN          shift and go to state 12
    ABS             shift and go to state 13
    FLOOR           shift and go to state 14
    ROUND           shift and go to state 15
    CEIL            shift and go to state 16
    INT             shift and go to state 17
    FLOAT           shift and go to state 18
    NAME            shift and go to state 27

    expression                     shift and go to state 57

state 39

    (7) var_assign -> NAME EQUALS . expression
    (4) expression -> . LBRACKET array_elements RBRACKET
    (8) expression -> . SIN LPAREN expression RPAREN
    (9) expression -> . COS LPAREN expression RPAREN
    (10) expression -> . TAN LPAREN expression RPAREN
    (11) expression -> . SQRT LPAREN expression RPAREN
    (12) expression -> . ARCSIN LPAREN expression RPAREN
    (13) expression -> . ARCCOS LPAREN expression RPAREN
    (14) expression -> . ARCTAN LPAREN expression RPAREN
    (15) expression -> . ABS LPAREN expression RPAREN
    (16) expression -> . FLOOR LPAREN expression RPAREN
    (17) expression -> . ROUND LPAREN expression RPAREN
    (18) expression -> . CEIL LPAREN expression RPAREN
    (19) expression -> . expression MULTIPLY expression
    (20) expression -> . expression DIVIDE expression
    (21) expression -> . expression PLUS expression
    (22) expression -> . expression MINUS expression
    (23) expression -> . expression POWER expression
    (24) expression -> . INT
    (25) expression -> . FLOAT
    (26) expression -> . NAME

    LBRACKET        shift and go to state 5
    SIN             shift and go to state 6
    COS             shift and go to state 7
    TAN             shift and go to state 8
    SQRT            shift and go to state 9
    ARCSIN          shift and go to state 10
    ARCCOS          shift and go to state 11
    ARCTAN          shift and go to state 12
    ABS             shift and go to state 13
    FLOOR           shift and go to state 14
    ROUND           shift and go to state 15
    CEIL            shift and go to state 16
    INT             shift and go to state 17
    FLOAT           shift and go to state 18
    NAME            shift and go to state 27

    expression                     shift and go to state 58

state 40

    (19) expression -> expression MULTIPLY expression .
    (19) expression -> expression . MULTIPLY expression
    (20) expression -> expression . DIVIDE expression
    (21) expression -> expression . PLUS expression
    (22) expression -> expression . MINUS expression
    (23) expression -> expression . POWER expression

    MULTIPLY        reduce using rule 19 (expression -> expression MULTIPLY expression .)
    DIVIDE          reduce using rule 19 (expression -> expression MULTIPLY expression .)
    PLUS            reduce using rule 19 (expression -> expression MULTIPLY expression .)
    MINUS           reduce using rule 19 (expression -> expression MULTIPLY expression .)
    POWER           reduce using rule 19 (expression -> expression MULTIPLY expression .)
    $end            reduce using rule 19 (expression -> expression MULTIPLY expression .)
    COMMA           reduce using rule 19 (expression -> expression MULTIPLY expression .)
    RBRACKET        reduce using rule 19 (expression -> expression MULTIPLY expression .)
    RPAREN          reduce using rule 19 (expression -> expression MULTIPLY expression .)

  ! MULTIPLY        [ shift and go to state 20 ]
  ! DIVIDE          [ shift and go to state 21 ]
  ! PLUS            [ shift and go to state 22 ]
  ! MINUS           [ shift and go to state 23 ]
  ! POWER           [ shift and go to state 24 ]


state 41

    (20) expression -> expression DIVIDE expression .
    (19) expression -> expression . MULTIPLY expression
    (20) expression -> expression . DIVIDE expression
    (21) expression -> expression . PLUS expression
    (22) expression -> expression . MINUS expression
    (23) expression -> expression . POWER expression

    MULTIPLY        reduce using rule 20 (expression -> expression DIVIDE expression .)
    DIVIDE          reduce using rule 20 (expression -> expression DIVIDE expression .)
    PLUS            reduce using rule 20 (expression -> expression DIVIDE expression .)
    MINUS           reduce using rule 20 (expression -> expression DIVIDE expression .)
    POWER           reduce using rule 20 (expression -> expression DIVIDE expression .)
    $end            reduce using rule 20 (expression -> expression DIVIDE expression .)
    COMMA           reduce using rule 20 (expression -> expression DIVIDE expression .)
    RBRACKET        reduce using rule 20 (expression -> expression DIVIDE expression .)
    RPAREN          reduce using rule 20 (expression -> expression DIVIDE expression .)

  ! MULTIPLY        [ shift and go to state 20 ]
  ! DIVIDE          [ shift and go to state 21 ]
  ! PLUS            [ shift and go to state 22 ]
  ! MINUS           [ shift and go to state 23 ]
  ! POWER           [ shift and go to state 24 ]


state 42

    (21) expression -> expression PLUS expression .
    (19) expression -> expression . MULTIPLY expression
    (20) expression -> expression . DIVIDE expression
    (21) expression -> expression . PLUS expression
    (22) expression -> expression . MINUS expression
    (23) expression -> expression . POWER expression

    PLUS            reduce using rule 21 (expression -> expression PLUS expression .)
    MINUS           reduce using rule 21 (expression -> expression PLUS expression .)
    POWER           reduce using rule 21 (expression -> expression PLUS expression .)
    $end            reduce using rule 21 (expression -> expression PLUS expression .)
    COMMA           reduce using rule 21 (expression -> expression PLUS expression .)
    RBRACKET        reduce using rule 21 (expression -> expression PLUS expression .)
    RPAREN          reduce using rule 21 (expression -> expression PLUS expression .)
    MULTIPLY        shift and go to state 20
    DIVIDE          shift and go to state 21

  ! MULTIPLY        [ reduce using rule 21 (expression -> expression PLUS expression .) ]
  ! DIVIDE          [ reduce using rule 21 (expression -> expression PLUS expression .) ]
  ! PLUS            [ shift and go to state 22 ]
  ! MINUS           [ shift and go to state 23 ]
  ! POWER           [ shift and go to state 24 ]


state 43

    (22) expression -> expression MINUS expression .
    (19) expression -> expression . MULTIPLY expression
    (20) expression -> expression . DIVIDE expression
    (21) expression -> expression . PLUS expression
    (22) expression -> expression . MINUS expression
    (23) expression -> expression . POWER expression

    PLUS            reduce using rule 22 (expression -> expression MINUS expression .)
    MINUS           reduce using rule 22 (expression -> expression MINUS expression .)
    POWER           reduce using rule 22 (expression -> expression MINUS expression .)
    $end            reduce using rule 22 (expression -> expression MINUS expression .)
    COMMA           reduce using rule 22 (expression -> expression MINUS expression .)
    RBRACKET        reduce using rule 22 (expression -> expression MINUS expression .)
    RPAREN          reduce using rule 22 (expression -> expression MINUS expression .)
    MULTIPLY        shift and go to state 20
    DIVIDE          shift and go to state 21

  ! MULTIPLY        [ reduce using rule 22 (expression -> expression MINUS expression .) ]
  ! DIVIDE          [ reduce using rule 22 (expression -> expression MINUS expression .) ]
  ! PLUS            [ shift and go to state 22 ]
  ! MINUS           [ shift and go to state 23 ]
  ! POWER           [ shift and go to state 24 ]


state 44

    (23) expression -> expression POWER expression .
    (19) expression -> expression . MULTIPLY expression
    (20) expression -> expression . DIVIDE expression
    (21) expression -> expression . PLUS expression
    (22) expression -> expression . MINUS expression
    (23) expression -> expression . POWER expression

  ! shift/reduce conflict for MULTIPLY resolved as shift
  ! shift/reduce conflict for DIVIDE resolved as shift
  ! shift/reduce conflict for PLUS resolved as shift
  ! shift/reduce conflict for MINUS resolved as shift
  ! shift/reduce conflict for POWER resolved as shift
    $end            reduce using rule 23 (expression -> expression POWER expression .)
    COMMA           reduce using rule 23 (expression -> expression POWER expression .)
    RBRACKET        reduce using rule 23 (expression -> expression POWER expression .)
    RPAREN          reduce using rule 23 (expression -> expression POWER expression .)
    MULTIPLY        shift and go to state 20
    DIVIDE          shift and go to state 21
    PLUS            shift and go to state 22
    MINUS           shift and go to state 23
    POWER           shift and go to state 24

  ! MULTIPLY        [ reduce using rule 23 (expression -> expression POWER expression .) ]
  ! DIVIDE          [ reduce using rule 23 (expression -> expression POWER expression .) ]
  ! PLUS            [ reduce using rule 23 (expression -> expression POWER expression .) ]
  ! MINUS           [ reduce using rule 23 (expression -> expression POWER expression .) ]
  ! POWER           [ reduce using rule 23 (expression -> expression POWER expression .) ]


state 45

    (4) expression -> LBRACKET array_elements RBRACKET .

    MULTIPLY        reduce using rule 4 (expression -> LBRACKET array_elements RBRACKET .)
    DIVIDE          reduce using rule 4 (expression -> LBRACKET array_elements RBRACKET .)
    PLUS            reduce using rule 4 (expression -> LBRACKET array_elements RBRACKET .)
    MINUS           reduce using rule 4 (expression -> LBRACKET array_elements RBRACKET .)
    POWER           reduce using rule 4 (expression -> LBRACKET array_elements RBRACKET .)
    $end            reduce using rule 4 (expression -> LBRACKET array_elements RBRACKET .)
    COMMA           reduce using rule 4 (expression -> LBRACKET array_elements RBRACKET .)
    RBRACKET        reduce using rule 4 (expression -> LBRACKET array_elements RBRACKET .)
    RPAREN          reduce using rule 4 (expression -> LBRACKET array_elements RBRACKET .)


state 46

    (5) array_elements -> expression COMMA . array_elements
    (5) array_elements -> . expression COMMA array_elements
    (6) array_elements -> . expression
    (4) expression -> . LBRACKET array_elements RBRACKET
    (8) expression -> . SIN LPAREN expression RPAREN
    (9) expression -> . COS LPAREN expression RPAREN
    (10) expression -> . TAN LPAREN expression RPAREN
    (11) expression -> . SQRT LPAREN expression RPAREN
    (12) expression -> . ARCSIN LPAREN expression RPAREN
    (13) expression -> . ARCCOS LPAREN expression RPAREN
    (14) expression -> . ARCTAN LPAREN expression RPAREN
    (15) expression -> . ABS LPAREN expression RPAREN
    (16) expression -> . FLOOR LPAREN expression RPAREN
    (17) expression -> . ROUND LPAREN expression RPAREN
    (18) expression -> . CEIL LPAREN expression RPAREN
    (19) expression -> . expression MULTIPLY expression
    (20) expression -> . expression DIVIDE expression
    (21) expression -> . expression PLUS expression
    (22) expression -> . expression MINUS expression
    (23) expression -> . expression POWER expression
    (24) expression -> . INT
    (25) expression -> . FLOAT
    (26) expression -> . NAME

    LBRACKET        shift and go to state 5
    SIN             shift and go to state 6
    COS             shift and go to state 7
    TAN             shift and go to state 8
    SQRT            shift and go to state 9
    ARCSIN          shift and go to state 10
    ARCCOS          shift and go to state 11
    ARCTAN          shift and go to state 12
    ABS             shift and go to state 13
    FLOOR           shift and go to state 14
    ROUND           shift and go to state 15
    CEIL            shift and go to state 16
    INT             shift and go to state 17
    FLOAT           shift and go to state 18
    NAME            shift and go to state 27

    expression                     shift and go to state 26
    array_elements                 shift and go to state 59

state 47

    (8) expression -> SIN LPAREN expression . RPAREN
    (19) expression -> expression . MULTIPLY expression
    (20) expression -> expression . DIVIDE expression
    (21) expression -> expression . PLUS expression
    (22) expression -> expression . MINUS expression
    (23) expression -> expression . POWER expression

    RPAREN          shift and go to state 60
    MULTIPLY        shift and go to state 20
    DIVIDE          shift and go to state 21
    PLUS            shift and go to state 22
    MINUS           shift and go to state 23
    POWER           shift and go to state 24


state 48

    (9) expression -> COS LPAREN expression . RPAREN
    (19) expression -> expression . MULTIPLY expression
    (20) expression -> expression . DIVIDE expression
    (21) expression -> expression . PLUS expression
    (22) expression -> expression . MINUS expression
    (23) expression -> expression . POWER expression

    RPAREN          shift and go to state 61
    MULTIPLY        shift and go to state 20
    DIVIDE          shift and go to state 21
    PLUS            shift and go to state 22
    MINUS           shift and go to state 23
    POWER           shift and go to state 24


state 49

    (10) expression -> TAN LPAREN expression . RPAREN
    (19) expression -> expression . MULTIPLY expression
    (20) expression -> expression . DIVIDE expression
    (21) expression -> expression . PLUS expression
    (22) expression -> expression . MINUS expression
    (23) expression -> expression . POWER expression

    RPAREN          shift and go to state 62
    MULTIPLY        shift and go to state 20
    DIVIDE          shift and go to state 21
    PLUS            shift and go to state 22
    MINUS           shift and go to state 23
    POWER           shift and go to state 24


state 50

    (11) expression -> SQRT LPAREN expression . RPAREN
    (19) expression -> expression . MULTIPLY expression
    (20) expression -> expression . DIVIDE expression
    (21) expression -> expression . PLUS expression
    (22) expression -> expression . MINUS expression
    (23) expression -> expression . POWER expression

    RPAREN          shift and go to state 63
    MULTIPLY        shift and go to state 20
    DIVIDE          shift and go to state 21
    PLUS            shift and go to state 22
    MINUS           shift and go to state 23
    POWER           shift and go to state 24


state 51

    (12) expression -> ARCSIN LPAREN expression . RPAREN
    (19) expression -> expression . MULTIPLY expression
    (20) expression -> expression . DIVIDE expression
    (21) expression -> expression . PLUS expression
    (22) expression -> expression . MINUS expression
    (23) expression -> expression . POWER expression

    RPAREN          shift and go to state 64
    MULTIPLY        shift and go to state 20
    DIVIDE          shift and go to state 21
    PLUS            shift and go to state 22
    MINUS           shift and go to state 23
    POWER           shift and go to state 24


state 52

    (13) expression -> ARCCOS LPAREN expression . RPAREN
    (19) expression -> expression . MULTIPLY expression
    (20) expression -> expression . DIVIDE expression
    (21) expression -> expression . PLUS expression
    (22) expression -> expression . MINUS expression
    (23) expression -> expression . POWER expression

    RPAREN          shift and go to state 65
    MULTIPLY        shift and go to state 20
    DIVIDE          shift and go to state 21
    PLUS            shift and go to state 22
    MINUS           shift and go to state 23
    POWER           shift and go to state 24


state 53

    (14) expression -> ARCTAN LPAREN expression . RPAREN
    (19) expression -> expression . MULTIPLY expression
    (20) expression -> expression . DIVIDE expression
    (21) expression -> expression . PLUS expression
    (22) expression -> expression . MINUS expression
    (23) expression -> expression . POWER expression

    RPAREN          shift and go to state 66
    MULTIPLY        shift and go to state 20
    DIVIDE          shift and go to state 21
    PLUS            shift and go to state 22
    MINUS           shift and go to state 23
    POWER           shift and go to state 24


state 54

    (15) expression -> ABS LPAREN expression . RPAREN
    (19) expression -> expression . MULTIPLY expression
    (20) expression -> expression . DIVIDE expression
    (21) expression -> expression . PLUS expression
    (22) expression -> expression . MINUS expression
    (23) expression -> expression . POWER expression

    RPAREN          shift and go to state 67
    MULTIPLY        shift and go to state 20
    DIVIDE          shift and go to state 21
    PLUS            shift and go to state 22
    MINUS           shift and go to state 23
    POWER           shift and go to state 24


state 55

    (16) expression -> FLOOR LPAREN expression . RPAREN
    (19) expression -> expression . MULTIPLY expression
    (20) expression -> expression . DIVIDE expression
    (21) expression -> expression . PLUS expression
    (22) expression -> expression . MINUS expression
    (23) expression -> expression . POWER expression

    RPAREN          shift and go to state 68
    MULTIPLY        shift and go to state 20
    DIVIDE          shift and go to state 21
    PLUS            shift and go to state 22
    MINUS           shift and go to state 23
    POWER           shift and go to state 24


state 56

    (17) expression -> ROUND LPAREN expression . RPAREN
    (19) expression -> expression . MULTIPLY expression
    (20) expression -> expression . DIVIDE expression
    (21) expression -> expression . PLUS expression
    (22) expression -> expression . MINUS expression
    (23) expression -> expression . POWER expression

    RPAREN          shift and go to state 69
    MULTIPLY        shift and go to state 20
    DIVIDE          shift and go to state 21
    PLUS            shift and go to state 22
    MINUS           shift and go to state 23
    POWER           shift and go to state 24


state 57

    (18) expression -> CEIL LPAREN expression . RPAREN
    (19) expression -> expression . MULTIPLY expression
    (20) expression -> expression . DIVIDE expression
    (21) expression -> expression . PLUS expression
    (22) expression -> expression . MINUS expression
    (23) expression -> expression . POWER expression

    RPAREN          shift and go to state 70
    MULTIPLY        shift and go to state 20
    DIVIDE          shift and go to state 21
    PLUS            shift and go to state 22
    MINUS           shift and go to state 23
    POWER           shift and go to state 24


state 58

    (7) var_assign -> NAME EQUALS expression .
    (19) expression -> expression . MULTIPLY expression
    (20) expression -> expression . DIVIDE expression
    (21) expression -> expression . PLUS expression
    (22) expression -> expression . MINUS expression
    (23) expression -> expression . POWER expression

    $end            reduce using rule 7 (var_assign -> NAME EQUALS expression .)
    MULTIPLY        shift and go to state 20
    DIVIDE          shift and go to state 21
    PLUS            shift and go to state 22
    MINUS           shift and go to state 23
    POWER           shift and go to state 24


state 59

    (5) array_elements -> expression COMMA array_elements .

    RBRACKET        reduce using rule 5 (array_elements -> expression COMMA array_elements .)


state 60

    (8) expression -> SIN LPAREN expression RPAREN .

    MULTIPLY        reduce using rule 8 (expression -> SIN LPAREN expression RPAREN .)
    DIVIDE          reduce using rule 8 (expression -> SIN LPAREN expression RPAREN .)
    PLUS            reduce using rule 8 (expression -> SIN LPAREN expression RPAREN .)
    MINUS           reduce using rule 8 (expression -> SIN LPAREN expression RPAREN .)
    POWER           reduce using rule 8 (expression -> SIN LPAREN expression RPAREN .)
    $end            reduce using rule 8 (expression -> SIN LPAREN expression RPAREN .)
    COMMA           reduce using rule 8 (expression -> SIN LPAREN expression RPAREN .)
    RBRACKET        reduce using rule 8 (expression -> SIN LPAREN expression RPAREN .)
    RPAREN          reduce using rule 8 (expression -> SIN LPAREN expression RPAREN .)


state 61

    (9) expression -> COS LPAREN expression RPAREN .

    MULTIPLY        reduce using rule 9 (expression -> COS LPAREN expression RPAREN .)
    DIVIDE          reduce using rule 9 (expression -> COS LPAREN expression RPAREN .)
    PLUS            reduce using rule 9 (expression -> COS LPAREN expression RPAREN .)
    MINUS           reduce using rule 9 (expression -> COS LPAREN expression RPAREN .)
    POWER           reduce using rule 9 (expression -> COS LPAREN expression RPAREN .)
    $end            reduce using rule 9 (expression -> COS LPAREN expression RPAREN .)
    COMMA           reduce using rule 9 (expression -> COS LPAREN expression RPAREN .)
    RBRACKET        reduce using rule 9 (expression -> COS LPAREN expression RPAREN .)
    RPAREN          reduce using rule 9 (expression -> COS LPAREN expression RPAREN .)


state 62

    (10) expression -> TAN LPAREN expression RPAREN .

    MULTIPLY        reduce using rule 10 (expression -> TAN LPAREN expression RPAREN .)
    DIVIDE          reduce using rule 10 (expression -> TAN LPAREN expression RPAREN .)
    PLUS            reduce using rule 10 (expression -> TAN LPAREN expression RPAREN .)
    MINUS           reduce using rule 10 (expression -> TAN LPAREN expression RPAREN .)
    POWER           reduce using rule 10 (expression -> TAN LPAREN expression RPAREN .)
    $end            reduce using rule 10 (expression -> TAN LPAREN expression RPAREN .)
    COMMA           reduce using rule 10 (expression -> TAN LPAREN expression RPAREN .)
    RBRACKET        reduce using rule 10 (expression -> TAN LPAREN expression RPAREN .)
    RPAREN          reduce using rule 10 (expression -> TAN LPAREN expression RPAREN .)


state 63

    (11) expression -> SQRT LPAREN expression RPAREN .

    MULTIPLY        reduce using rule 11 (expression -> SQRT LPAREN expression RPAREN .)
    DIVIDE          reduce using rule 11 (expression -> SQRT LPAREN expression RPAREN .)
    PLUS            reduce using rule 11 (expression -> SQRT LPAREN expression RPAREN .)
    MINUS           reduce using rule 11 (expression -> SQRT LPAREN expression RPAREN .)
    POWER           reduce using rule 11 (expression -> SQRT LPAREN expression RPAREN .)
    $end            reduce using rule 11 (expression -> SQRT LPAREN expression RPAREN .)
    COMMA           reduce using rule 11 (expression -> SQRT LPAREN expression RPAREN .)
    RBRACKET        reduce using rule 11 (expression -> SQRT LPAREN expression RPAREN .)
    RPAREN          reduce using rule 11 (expression -> SQRT LPAREN expression RPAREN .)


state 64

    (12) expression -> ARCSIN LPAREN expression RPAREN .

    MULTIPLY        reduce using rule 12 (expression -> ARCSIN LPAREN expression RPAREN .)
    DIVIDE          reduce using rule 12 (expression -> ARCSIN LPAREN expression RPAREN .)
    PLUS            reduce using rule 12 (expression -> ARCSIN LPAREN expression RPAREN .)
    MINUS           reduce using rule 12 (expression -> ARCSIN LPAREN expression RPAREN .)
    POWER           reduce using rule 12 (expression -> ARCSIN LPAREN expression RPAREN .)
    $end            reduce using rule 12 (expression -> ARCSIN LPAREN expression RPAREN .)
    COMMA           reduce using rule 12 (expression -> ARCSIN LPAREN expression RPAREN .)
    RBRACKET        reduce using rule 12 (expression -> ARCSIN LPAREN expression RPAREN .)
    RPAREN          reduce using rule 12 (expression -> ARCSIN LPAREN expression RPAREN .)


state 65

    (13) expression -> ARCCOS LPAREN expression RPAREN .

    MULTIPLY        reduce using rule 13 (expression -> ARCCOS LPAREN expression RPAREN .)
    DIVIDE          reduce using rule 13 (expression -> ARCCOS LPAREN expression RPAREN .)
    PLUS            reduce using rule 13 (expression -> ARCCOS LPAREN expression RPAREN .)
    MINUS           reduce using rule 13 (expression -> ARCCOS LPAREN expression RPAREN .)
    POWER           reduce using rule 13 (expression -> ARCCOS LPAREN expression RPAREN .)
    $end            reduce using rule 13 (expression -> ARCCOS LPAREN expression RPAREN .)
    COMMA           reduce using rule 13 (expression -> ARCCOS LPAREN expression RPAREN .)
    RBRACKET        reduce using rule 13 (expression -> ARCCOS LPAREN expression RPAREN .)
    RPAREN          reduce using rule 13 (expression -> ARCCOS LPAREN expression RPAREN .)


state 66

    (14) expression -> ARCTAN LPAREN expression RPAREN .

    MULTIPLY        reduce using rule 14 (expression -> ARCTAN LPAREN expression RPAREN .)
    DIVIDE          reduce using rule 14 (expression -> ARCTAN LPAREN expression RPAREN .)
    PLUS            reduce using rule 14 (expression -> ARCTAN LPAREN expression RPAREN .)
    MINUS           reduce using rule 14 (expression -> ARCTAN LPAREN expression RPAREN .)
    POWER           reduce using rule 14 (expression -> ARCTAN LPAREN expression RPAREN .)
    $end            reduce using rule 14 (expression -> ARCTAN LPAREN expression RPAREN .)
    COMMA           reduce using rule 14 (expression -> ARCTAN LPAREN expression RPAREN .)
    RBRACKET        reduce using rule 14 (expression -> ARCTAN LPAREN expression RPAREN .)
    RPAREN          reduce using rule 14 (expression -> ARCTAN LPAREN expression RPAREN .)


state 67

    (15) expression -> ABS LPAREN expression RPAREN .

    MULTIPLY        reduce using rule 15 (expression -> ABS LPAREN expression RPAREN .)
    DIVIDE          reduce using rule 15 (expression -> ABS LPAREN expression RPAREN .)
    PLUS            reduce using rule 15 (expression -> ABS LPAREN expression RPAREN .)
    MINUS           reduce using rule 15 (expression -> ABS LPAREN expression RPAREN .)
    POWER           reduce using rule 15 (expression -> ABS LPAREN expression RPAREN .)
    $end            reduce using rule 15 (expression -> ABS LPAREN expression RPAREN .)
    COMMA           reduce using rule 15 (expression -> ABS LPAREN expression RPAREN .)
    RBRACKET        reduce using rule 15 (expression -> ABS LPAREN expression RPAREN .)
    RPAREN          reduce using rule 15 (expression -> ABS LPAREN expression RPAREN .)


state 68

    (16) expression -> FLOOR LPAREN expression RPAREN .

    MULTIPLY        reduce using rule 16 (expression -> FLOOR LPAREN expression RPAREN .)
    DIVIDE          reduce using rule 16 (expression -> FLOOR LPAREN expression RPAREN .)
    PLUS            reduce using rule 16 (expression -> FLOOR LPAREN expression RPAREN .)
    MINUS           reduce using rule 16 (expression -> FLOOR LPAREN expression RPAREN .)
    POWER           reduce using rule 16 (expression -> FLOOR LPAREN expression RPAREN .)
    $end            reduce using rule 16 (expression -> FLOOR LPAREN expression RPAREN .)
    COMMA           reduce using rule 16 (expression -> FLOOR LPAREN expression RPAREN .)
    RBRACKET        reduce using rule 16 (expression -> FLOOR LPAREN expression RPAREN .)
    RPAREN          reduce using rule 16 (expression -> FLOOR LPAREN expression RPAREN .)


state 69

    (17) expression -> ROUND LPAREN expression RPAREN .

    MULTIPLY        reduce using rule 17 (expression -> ROUND LPAREN expression RPAREN .)
    DIVIDE          reduce using rule 17 (expression -> ROUND LPAREN expression RPAREN .)
    PLUS            reduce using rule 17 (expression -> ROUND LPAREN expression RPAREN .)
    MINUS           reduce using rule 17 (expression -> ROUND LPAREN expression RPAREN .)
    POWER           reduce using rule 17 (expression -> ROUND LPAREN expression RPAREN .)
    $end            reduce using rule 17 (expression -> ROUND LPAREN expression RPAREN .)
    COMMA           reduce using rule 17 (expression -> ROUND LPAREN expression RPAREN .)
    RBRACKET        reduce using rule 17 (expression -> ROUND LPAREN expression RPAREN .)
    RPAREN          reduce using rule 17 (expression -> ROUND LPAREN expression RPAREN .)


state 70

    (18) expression -> CEIL LPAREN expression RPAREN .

    MULTIPLY        reduce using rule 18 (expression -> CEIL LPAREN expression RPAREN .)
    DIVIDE          reduce using rule 18 (expression -> CEIL LPAREN expression RPAREN .)
    PLUS            reduce using rule 18 (expression -> CEIL LPAREN expression RPAREN .)
    MINUS           reduce using rule 18 (expression -> CEIL LPAREN expression RPAREN .)
    POWER           reduce using rule 18 (expression -> CEIL LPAREN expression RPAREN .)
    $end            reduce using rule 18 (expression -> CEIL LPAREN expression RPAREN .)
    COMMA           reduce using rule 18 (expression -> CEIL LPAREN expression RPAREN .)
    RBRACKET        reduce using rule 18 (expression -> CEIL LPAREN expression RPAREN .)
    RPAREN          reduce using rule 18 (expression -> CEIL LPAREN expression RPAREN .)

WARNING: 
WARNING: Conflicts:
WARNING: 
WARNING: shift/reduce conflict for MULTIPLY in state 44 resolved as shift
WARNING: shift/reduce conflict for DIVIDE in state 44 resolved as shift
WARNING: shift/reduce conflict for PLUS in state 44 resolved as shift
WARNING: shift/reduce conflict for MINUS in state 44 resolved as shift
WARNING: shift/reduce conflict for POWER in state 44 resolved as shift
